c:\users\sacha\onedrive\documents\college\howest\gameplay-programming\gpp_exam\zombiegame\project\_temp\release\steeringbehaviors.obj
c:\users\sacha\onedrive\documents\college\howest\gameplay-programming\gpp_exam\zombiegame\project\_temp\release\ebehaviortree.obj
c:\users\sacha\onedrive\documents\college\howest\gameplay-programming\gpp_exam\zombiegame\project\_temp\release\egraphconnectiontypes.obj
c:\users\sacha\onedrive\documents\college\howest\gameplay-programming\gpp_exam\zombiegame\project\_temp\release\ematrix2x3.obj
c:\users\sacha\onedrive\documents\college\howest\gameplay-programming\gpp_exam\zombiegame\project\_temp\release\einputmanager.obj
c:\users\sacha\onedrive\documents\college\howest\gameplay-programming\gpp_exam\zombiegame\project\_temp\release\egeometry2dtypes.obj
c:\users\sacha\onedrive\documents\college\howest\gameplay-programming\gpp_exam\zombiegame\project\_temp\release\efinitestatemachine.obj
c:\users\sacha\onedrive\documents\college\howest\gameplay-programming\gpp_exam\zombiegame\project\_temp\release\plugin.obj
c:\users\sacha\onedrive\documents\college\howest\gameplay-programming\gpp_exam\zombiegame\project\_temp\release\inventory.obj
c:\users\sacha\onedrive\documents\college\howest\gameplay-programming\gpp_exam\zombiegame\project\_temp\release\isurvivoragent.obj
c:\users\sacha\onedrive\documents\college\howest\gameplay-programming\gpp_exam\zombiegame\project\_temp\release\egraphnodetypes.obj
c:\users\sacha\onedrive\documents\college\howest\gameplay-programming\gpp_exam\zombiegame\project\_temp\release\survivoragentmemory.obj
c:\users\sacha\onedrive\documents\college\howest\gameplay-programming\gpp_exam\zombiegame\project\_temp\release\gpp_plugin.pch
c:\users\sacha\onedrive\documents\college\howest\gameplay-programming\gpp_exam\zombiegame\project\_temp\release\stdafx.obj
c:\users\sacha\onedrive\documents\college\howest\gameplay-programming\gpp_exam\zombiegame\project\_temp\release\combinedsteeringbehaviors.obj
c:\users\sacha\onedrive\documents\college\howest\gameplay-programming\gpp_exam\zombiegame\project\_temp\release\egraphrenderer.obj
c:\users\sacha\onedrive\documents\college\howest\gameplay-programming\gpp_exam\zombiegame\project\_temp\release\gpp_exam.tlog\cl.command.1.tlog
c:\users\sacha\onedrive\documents\college\howest\gameplay-programming\gpp_exam\zombiegame\project\_temp\release\gpp_exam.tlog\cl.read.1.tlog
c:\users\sacha\onedrive\documents\college\howest\gameplay-programming\gpp_exam\zombiegame\project\_temp\release\gpp_exam.tlog\cl.write.1.tlog
c:\users\sacha\onedrive\documents\college\howest\gameplay-programming\gpp_exam\zombiegame\project\_temp\release\gpp_exam.tlog\link.15588.read.1.tlog
c:\users\sacha\onedrive\documents\college\howest\gameplay-programming\gpp_exam\zombiegame\project\_temp\release\gpp_exam.tlog\link.15588.write.1.tlog
c:\users\sacha\onedrive\documents\college\howest\gameplay-programming\gpp_exam\zombiegame\project\_temp\release\gpp_exam.tlog\link.16476.read.1.tlog
c:\users\sacha\onedrive\documents\college\howest\gameplay-programming\gpp_exam\zombiegame\project\_temp\release\gpp_exam.tlog\link.16476.write.1.tlog
c:\users\sacha\onedrive\documents\college\howest\gameplay-programming\gpp_exam\zombiegame\project\_temp\release\gpp_exam.tlog\link.18692.read.1.tlog
c:\users\sacha\onedrive\documents\college\howest\gameplay-programming\gpp_exam\zombiegame\project\_temp\release\gpp_exam.tlog\link.18692.write.1.tlog
c:\users\sacha\onedrive\documents\college\howest\gameplay-programming\gpp_exam\zombiegame\project\_temp\release\gpp_exam.tlog\link.22288.read.1.tlog
c:\users\sacha\onedrive\documents\college\howest\gameplay-programming\gpp_exam\zombiegame\project\_temp\release\gpp_exam.tlog\link.22288.write.1.tlog
c:\users\sacha\onedrive\documents\college\howest\gameplay-programming\gpp_exam\zombiegame\project\_temp\release\gpp_exam.tlog\link.24736.read.1.tlog
c:\users\sacha\onedrive\documents\college\howest\gameplay-programming\gpp_exam\zombiegame\project\_temp\release\gpp_exam.tlog\link.24736.write.1.tlog
c:\users\sacha\onedrive\documents\college\howest\gameplay-programming\gpp_exam\zombiegame\project\_temp\release\gpp_exam.tlog\link.2548.read.1.tlog
c:\users\sacha\onedrive\documents\college\howest\gameplay-programming\gpp_exam\zombiegame\project\_temp\release\gpp_exam.tlog\link.2548.write.1.tlog
c:\users\sacha\onedrive\documents\college\howest\gameplay-programming\gpp_exam\zombiegame\project\_temp\release\gpp_exam.tlog\link.25608.read.1.tlog
c:\users\sacha\onedrive\documents\college\howest\gameplay-programming\gpp_exam\zombiegame\project\_temp\release\gpp_exam.tlog\link.25608.write.1.tlog
c:\users\sacha\onedrive\documents\college\howest\gameplay-programming\gpp_exam\zombiegame\project\_temp\release\gpp_exam.tlog\link.26228.read.1.tlog
c:\users\sacha\onedrive\documents\college\howest\gameplay-programming\gpp_exam\zombiegame\project\_temp\release\gpp_exam.tlog\link.26228.write.1.tlog
c:\users\sacha\onedrive\documents\college\howest\gameplay-programming\gpp_exam\zombiegame\project\_temp\release\gpp_exam.tlog\link.28428.read.1.tlog
c:\users\sacha\onedrive\documents\college\howest\gameplay-programming\gpp_exam\zombiegame\project\_temp\release\gpp_exam.tlog\link.28428.write.1.tlog
c:\users\sacha\onedrive\documents\college\howest\gameplay-programming\gpp_exam\zombiegame\project\_temp\release\gpp_exam.tlog\link.29176.read.1.tlog
c:\users\sacha\onedrive\documents\college\howest\gameplay-programming\gpp_exam\zombiegame\project\_temp\release\gpp_exam.tlog\link.29176.write.1.tlog
c:\users\sacha\onedrive\documents\college\howest\gameplay-programming\gpp_exam\zombiegame\project\_temp\release\gpp_exam.tlog\link.32380.read.1.tlog
c:\users\sacha\onedrive\documents\college\howest\gameplay-programming\gpp_exam\zombiegame\project\_temp\release\gpp_exam.tlog\link.32380.write.1.tlog
c:\users\sacha\onedrive\documents\college\howest\gameplay-programming\gpp_exam\zombiegame\project\_temp\release\gpp_exam.tlog\link.4496.read.1.tlog
c:\users\sacha\onedrive\documents\college\howest\gameplay-programming\gpp_exam\zombiegame\project\_temp\release\gpp_exam.tlog\link.4496.write.1.tlog
c:\users\sacha\onedrive\documents\college\howest\gameplay-programming\gpp_exam\zombiegame\project\_temp\release\gpp_exam.tlog\link.5616.read.1.tlog
c:\users\sacha\onedrive\documents\college\howest\gameplay-programming\gpp_exam\zombiegame\project\_temp\release\gpp_exam.tlog\link.5616.write.1.tlog
c:\users\sacha\onedrive\documents\college\howest\gameplay-programming\gpp_exam\zombiegame\project\_temp\release\gpp_exam.tlog\link.command.1.tlog
c:\users\sacha\onedrive\documents\college\howest\gameplay-programming\gpp_exam\zombiegame\project\_temp\release\gpp_exam.tlog\link.read.1.tlog
c:\users\sacha\onedrive\documents\college\howest\gameplay-programming\gpp_exam\zombiegame\project\_temp\release\gpp_exam.tlog\link.write.1.tlog
