c:\users\sacha\onedrive\documents\college\howest\gameplay-programming\gpp_exam\zombiegame\project\_temp\debug\vc143.pdb
c:\users\sacha\onedrive\documents\college\howest\gameplay-programming\gpp_exam\zombiegame\project\_temp\debug\vc143.idb
c:\users\sacha\onedrive\documents\college\howest\gameplay-programming\gpp_exam\zombiegame\project\_temp\debug\survivoragentmemory.obj
c:\users\sacha\onedrive\documents\college\howest\gameplay-programming\gpp_exam\zombiegame\project\_temp\debug\plugin.obj
c:\users\sacha\onedrive\documents\college\howest\gameplay-programming\gpp_exam\zombiegame\project\_temp\debug\isurvivoragent.obj
c:\users\sacha\onedrive\documents\college\howest\gameplay-programming\gpp_exam\zombiegame\project\_temp\debug\inventory.obj
c:\users\sacha\onedrive\documents\college\howest\gameplay-programming\gpp_exam\zombiegame\project\_temp\debug\ematrix2x3.obj
c:\users\sacha\onedrive\documents\college\howest\gameplay-programming\gpp_exam\zombiegame\project\_temp\debug\einputmanager.obj
c:\users\sacha\onedrive\documents\college\howest\gameplay-programming\gpp_exam\zombiegame\project\_temp\debug\egeometry2dtypes.obj
c:\users\sacha\onedrive\documents\college\howest\gameplay-programming\gpp_exam\zombiegame\project\_temp\debug\ebehaviortree.obj
c:\users\sacha\onedrive\documents\college\howest\gameplay-programming\gpp_exam\zombiegame\project\_temp\debug\time.obj
c:\users\sacha\onedrive\documents\college\howest\gameplay-programming\gpp_exam\zombiegame\project\_temp\debug\memory.obj
c:\users\sacha\onedrive\documents\college\howest\gameplay-programming\gpp_exam\zombiegame\project\_temp\debug\gpp_plugin_d.pch
c:\users\sacha\onedrive\documents\college\howest\gameplay-programming\gpp_exam\zombiegame\project\_temp\debug\stdafx.obj
c:\users\sacha\onedrive\documents\college\howest\gameplay-programming\gpp_exam\zombiegame\project\_temp\debug\steeringbehaviors.obj
c:\users\sacha\onedrive\documents\college\howest\gameplay-programming\gpp_exam\zombiegame\project\_temp\debug\combinedsteeringbehaviors.obj
c:\users\sacha\onedrive\documents\college\howest\gameplay-programming\gpp_exam\zombiegame\project\_temp\debug\egraphnodetypes.obj
c:\users\sacha\onedrive\documents\college\howest\gameplay-programming\gpp_exam\zombiegame\project\_temp\debug\egraphconnectiontypes.obj
c:\users\sacha\onedrive\documents\college\howest\gameplay-programming\gpp_exam\zombiegame\project\_temp\debug\egraphrenderer.obj
c:\users\sacha\onedrive\documents\college\howest\gameplay-programming\gpp_exam\zombiegame\_demo_debug\gpp_plugin_d.lib
c:\users\sacha\onedrive\documents\college\howest\gameplay-programming\gpp_exam\zombiegame\_demo_debug\gpp_plugin_d.exp
c:\users\sacha\onedrive\documents\college\howest\gameplay-programming\gpp_exam\zombiegame\_demo_debug\gpp_plugin_d.dll
c:\users\sacha\onedrive\documents\college\howest\gameplay-programming\gpp_exam\zombiegame\project\_temp\debug\gpp_plugin_d.ilk
c:\users\sacha\onedrive\documents\college\howest\gameplay-programming\gpp_exam\zombiegame\_demo_debug\gpp_plugin_d.pdb
c:\users\sacha\onedrive\documents\college\howest\gameplay-programming\gpp_exam\zombiegame\project\_temp\debug\baseagent.obj
c:\users\sacha\onedrive\documents\college\howest\gameplay-programming\gpp_exam\zombiegame\project\_temp\debug\steeringagent.obj
c:\users\sacha\onedrive\documents\college\howest\gameplay-programming\gpp_exam\zombiegame\project\..\_demo_debug\gpp_plugin_d.pdb
c:\users\sacha\onedrive\documents\college\howest\gameplay-programming\gpp_exam\zombiegame\project\_temp\debug\gpp_exam.tlog\cl.command.1.tlog
c:\users\sacha\onedrive\documents\college\howest\gameplay-programming\gpp_exam\zombiegame\project\_temp\debug\gpp_exam.tlog\cl.read.1.tlog
c:\users\sacha\onedrive\documents\college\howest\gameplay-programming\gpp_exam\zombiegame\project\_temp\debug\gpp_exam.tlog\cl.write.1.tlog
c:\users\sacha\onedrive\documents\college\howest\gameplay-programming\gpp_exam\zombiegame\project\_temp\debug\gpp_exam.tlog\gpp_exam.write.1u.tlog
c:\users\sacha\onedrive\documents\college\howest\gameplay-programming\gpp_exam\zombiegame\project\_temp\debug\gpp_exam.tlog\link.command.1.tlog
c:\users\sacha\onedrive\documents\college\howest\gameplay-programming\gpp_exam\zombiegame\project\_temp\debug\gpp_exam.tlog\link.read.1.tlog
c:\users\sacha\onedrive\documents\college\howest\gameplay-programming\gpp_exam\zombiegame\project\_temp\debug\gpp_exam.tlog\link.write.1.tlog
c:\users\sacha\onedrive\documents\college\howest\gameplay-programming\gpp_exam\zombiegame\project\_temp\debug\gpp_exam.tlog\link.write.2u.tlog
